<?xml version="1.0" encoding="UTF-8"?>
<testng-results ignored="0" total="1" passed="1" failed="0" skipped="0">
  <reporter-output>
  </reporter-output>
  <suite started-at="2020-03-09T07:00:03Z" name="Default suite" finished-at="2020-03-09T07:00:17Z" duration-ms="13897">
    <groups>
    </groups>
    <test started-at="2020-03-09T07:00:03Z" name="Default test" finished-at="2020-03-09T07:00:17Z" duration-ms="13897">
      <class name="com.amazon.pages.TodaysDealPage">
        <test-method signature="getAllDeals()[pri:0, instance:com.amazon.pages.TodaysDealPage@652a7737]" started-at="2020-03-09T12:30:03Z" name="getAllDeals" finished-at="2020-03-09T12:30:17Z" duration-ms="13878" status="PASS">
          <reporter-output>
          </reporter-output>
        </test-method> <!-- getAllDeals -->
      </class> <!-- com.amazon.pages.TodaysDealPage -->
    </test> <!-- Default test -->
  </suite> <!-- Default suite -->
</testng-results>
